-------------------------------------------------------------------------------
Test set: Tests.DynamicContentTest
-------------------------------------------------------------------------------
Tests run: 2, Failures: 1, Errors: 0, Skipped: 0, Time elapsed: 88.38 s <<< FAILURE! -- in Tests.DynamicContentTest
Tests.DynamicContentTest.dynamicContentWithStaticTest -- Time elapsed: 10.57 s <<< FAILURE!
org.opentest4j.AssertionFailedError: expected: not equal but was: <Accusantium eius ut architecto neque vel voluptatem vel nam eos minus ullam dolores voluptates enim sed voluptatem rerum qui sapiente nesciunt aspernatur et accusamus laboriosam culpa tenetur hic aut placeat error autem qui sunt.>
	at org.junit.jupiter.api.AssertionFailureBuilder.build(AssertionFailureBuilder.java:152)
	at org.junit.jupiter.api.AssertionFailureBuilder.buildAndThrow(AssertionFailureBuilder.java:132)
	at org.junit.jupiter.api.AssertNotEquals.failEqual(AssertNotEquals.java:277)
	at org.junit.jupiter.api.AssertNotEquals.assertNotEquals(AssertNotEquals.java:263)
	at org.junit.jupiter.api.AssertNotEquals.assertNotEquals(AssertNotEquals.java:258)
	at org.junit.jupiter.api.Assertions.assertNotEquals(Assertions.java:2819)
	at Pages.DynamicContentPage.checkEvent(DynamicContentPage.java:33)
	at Tests.DynamicContentTest.dynamicContentWithStaticTest(DynamicContentTest.java:19)
	at java.base/java.lang.reflect.Method.invoke(Method.java:580)
	at java.base/java.util.ArrayList.forEach(ArrayList.java:1597)
	at java.base/java.util.ArrayList.forEach(ArrayList.java:1597)

