-------------------------------------------------------------------------------
Test set: Tests.BrokenImagesTest
-------------------------------------------------------------------------------
Tests run: 1, Failures: 1, Errors: 0, Skipped: 0, Time elapsed: 5.498 s <<< FAILURE! -- in Tests.BrokenImagesTest
Tests.BrokenImagesTest.testBrokenImages -- Time elapsed: 5.496 s <<< FAILURE!
org.opentest4j.AssertionFailedError: Broken Image http://the-internet.herokuapp.com/asdf.jpg
	at org.junit.jupiter.api.AssertionUtils.fail(AssertionUtils.java:38)
	at org.junit.jupiter.api.Assertions.fail(Assertions.java:138)
	at Pages.BrokenImagesPage.checkImages(BrokenImagesPage.java:17)
	at Tests.BrokenImagesTest.testBrokenImages(BrokenImagesTest.java:14)
	at java.base/java.lang.reflect.Method.invoke(Method.java:580)
	at java.base/java.util.ArrayList.forEach(ArrayList.java:1597)
	at java.base/java.util.ArrayList.forEach(ArrayList.java:1597)

